-------------------------------------------------------------------------------
Test set: com.example.demo.RoofApplicationTests
-------------------------------------------------------------------------------
Tests run: 1, Failures: 0, Errors: 1, Skipped: 0, Time elapsed: 0.679 s <<< FAILURE! - in com.example.demo.RoofApplicationTests
initializationError(com.example.demo.RoofApplicationTests)  Time elapsed: 0.014 s  <<< ERROR!
java.lang.IllegalStateException: Unable to find a @SpringBootConfiguration, you need to use @ContextConfiguration or @SpringBootTest(classes=...) with your test

